[loop] started — recompute every 1h. Create /Users/ishanghosh/projects/tradingBot/data/state/STOP to halt. Ctrl-C to stop the loop.
[WARNING] B: momentum + quality: ~17 names dropped/month by the quality screen. ~5yr yfinance fundamentals may be too thin to trust the screen; a real point-in-time source (FMP, Sharadar) would be needed for a credible result.

=== trader run @ 2026-06-28T22:14:01.994435+00:00 ===
variant=B: momentum + quality  signal_date=2026-05-31 00:00:00  equity=$100,000.00  market_open=False  mode=DRY-RUN (market closed)
target book (14 names):
  RTX    w=11.76%  conf=0.54  est_ret=+2.16%
  CVX    w= 9.59%  conf=0.49  est_ret=+1.37%
  MSFT   w= 9.14%  conf=0.49  est_ret=+1.33%
  COP    w= 8.83%  conf=0.53  est_ret=+2.24%
  XOM    w= 8.62%  conf=0.49  est_ret=+1.54%
  BKR    w= 8.48%  conf=0.58  est_ret=+5.27%
  EOG    w= 7.42%  conf=0.41  est_ret=+1.51%
  ETN    w= 7.38%  conf=0.52  est_ret=+2.48%
  UBER   w= 7.14%  conf=0.46  est_ret=+2.34%
  NVDA   w= 6.97%  conf=0.46  est_ret=+1.72%
  GEV    w= 6.22%  conf=0.59  est_ret=+2.53%
  AMD    w= 4.22%  conf=0.57  est_ret=+11.55%
  LRCX   w= 2.96%  conf=0.33  est_ret=+11.54%
  MU     w= 1.28%  conf=0.20  est_ret=+11.83%
  REBALANCE  BUY  AMD    $  4,139.60   [DRY-RUN]
  REBALANCE  BUY  BKR    $  8,306.24   [DRY-RUN]
  REBALANCE  BUY  GEV    $  6,097.25   [DRY-RUN]
  REBALANCE  BUY  ETN    $  7,230.57   [DRY-RUN]
  REBALANCE  BUY  UBER   $  6,993.35   [DRY-RUN]
  REBALANCE  BUY  COP    $  8,656.65   [DRY-RUN]
  REBALANCE  BUY  RTX    $ 11,522.80   [DRY-RUN]
  REBALANCE  BUY  NVDA   $  6,829.89   [DRY-RUN]
  REBALANCE  BUY  XOM    $  8,452.45   [DRY-RUN]
  REBALANCE  BUY  EOG    $  7,272.66   [DRY-RUN]
  REBALANCE  BUY  CVX    $  9,394.72   [DRY-RUN]
  REBALANCE  BUY  MSFT   $  8,952.33   [DRY-RUN]
[WARNING] B: momentum + quality: ~17 names dropped/month by the quality screen. ~5yr yfinance fundamentals may be too thin to trust the screen; a real point-in-time source (FMP, Sharadar) would be needed for a credible result.

=== trader run @ 2026-06-28T23:16:05.876814+00:00 ===
variant=B: momentum + quality  signal_date=2026-05-31 00:00:00  equity=$100,000.00  market_open=False  mode=DRY-RUN (market closed)
target book (14 names):
  RTX    w=11.76%  conf=0.54  est_ret=+2.16%
  CVX    w= 9.59%  conf=0.49  est_ret=+1.37%
  MSFT   w= 9.14%  conf=0.49  est_ret=+1.33%
  COP    w= 8.83%  conf=0.53  est_ret=+2.24%
  XOM    w= 8.62%  conf=0.49  est_ret=+1.54%
  BKR    w= 8.48%  conf=0.58  est_ret=+5.27%
  EOG    w= 7.42%  conf=0.41  est_ret=+1.51%
  ETN    w= 7.38%  conf=0.52  est_ret=+2.48%
  UBER   w= 7.14%  conf=0.46  est_ret=+2.34%
  NVDA   w= 6.97%  conf=0.46  est_ret=+1.72%
  GEV    w= 6.22%  conf=0.59  est_ret=+2.53%
  AMD    w= 4.22%  conf=0.57  est_ret=+11.55%
  LRCX   w= 2.96%  conf=0.33  est_ret=+11.54%
  MU     w= 1.28%  conf=0.20  est_ret=+11.83%
  REBALANCE  BUY  AMD    $  4,139.60   [DRY-RUN]
  REBALANCE  BUY  BKR    $  8,306.24   [DRY-RUN]
  REBALANCE  BUY  GEV    $  6,097.25   [DRY-RUN]
  REBALANCE  BUY  ETN    $  7,230.57   [DRY-RUN]
  REBALANCE  BUY  UBER   $  6,993.35   [DRY-RUN]
  REBALANCE  BUY  COP    $  8,656.65   [DRY-RUN]
  REBALANCE  BUY  RTX    $ 11,522.80   [DRY-RUN]
  REBALANCE  BUY  NVDA   $  6,829.89   [DRY-RUN]
  REBALANCE  BUY  XOM    $  8,452.45   [DRY-RUN]
  REBALANCE  BUY  EOG    $  7,272.66   [DRY-RUN]
  REBALANCE  BUY  CVX    $  9,394.72   [DRY-RUN]
  REBALANCE  BUY  MSFT   $  8,952.33   [DRY-RUN]
[WARNING] B: momentum + quality: ~17 names dropped/month by the quality screen. ~5yr yfinance fundamentals may be too thin to trust the screen; a real point-in-time source (FMP, Sharadar) would be needed for a credible result.

=== trader run @ 2026-06-29T00:17:40.135036+00:00 ===
variant=B: momentum + quality  signal_date=2026-05-31 00:00:00  equity=$100,000.00  market_open=False  mode=DRY-RUN (market closed)
target book (14 names):
  RTX    w=11.76%  conf=0.54  est_ret=+2.16%
  CVX    w= 9.59%  conf=0.49  est_ret=+1.37%
  MSFT   w= 9.14%  conf=0.49  est_ret=+1.33%
  COP    w= 8.83%  conf=0.53  est_ret=+2.24%
  XOM    w= 8.62%  conf=0.49  est_ret=+1.54%
  BKR    w= 8.48%  conf=0.58  est_ret=+5.27%
  EOG    w= 7.42%  conf=0.41  est_ret=+1.51%
  ETN    w= 7.38%  conf=0.52  est_ret=+2.48%
  UBER   w= 7.14%  conf=0.46  est_ret=+2.34%
  NVDA   w= 6.97%  conf=0.46  est_ret=+1.72%
  GEV    w= 6.22%  conf=0.59  est_ret=+2.53%
  AMD    w= 4.22%  conf=0.57  est_ret=+11.55%
  LRCX   w= 2.96%  conf=0.33  est_ret=+11.54%
  MU     w= 1.28%  conf=0.20  est_ret=+11.83%
  REBALANCE  BUY  AMD    $  4,139.60   [DRY-RUN]
  REBALANCE  BUY  BKR    $  8,306.24   [DRY-RUN]
  REBALANCE  BUY  GEV    $  6,097.25   [DRY-RUN]
  REBALANCE  BUY  ETN    $  7,230.57   [DRY-RUN]
  REBALANCE  BUY  UBER   $  6,993.35   [DRY-RUN]
  REBALANCE  BUY  COP    $  8,656.65   [DRY-RUN]
  REBALANCE  BUY  RTX    $ 11,522.80   [DRY-RUN]
  REBALANCE  BUY  NVDA   $  6,829.89   [DRY-RUN]
  REBALANCE  BUY  XOM    $  8,452.45   [DRY-RUN]
  REBALANCE  BUY  EOG    $  7,272.66   [DRY-RUN]
  REBALANCE  BUY  CVX    $  9,394.72   [DRY-RUN]
  REBALANCE  BUY  MSFT   $  8,952.33   [DRY-RUN]
[WARNING] B: momentum + quality: ~17 names dropped/month by the quality screen. ~5yr yfinance fundamentals may be too thin to trust the screen; a real point-in-time source (FMP, Sharadar) would be needed for a credible result.

=== trader run @ 2026-06-29T04:08:12.349787+00:00 ===
variant=B: momentum + quality  signal_date=2026-05-31 00:00:00  equity=$100,000.00  market_open=False  mode=DRY-RUN (market closed)
target book (14 names):
  RTX    w=11.76%  conf=0.54  est_ret=+2.16%
  CVX    w= 9.59%  conf=0.49  est_ret=+1.37%
  MSFT   w= 9.14%  conf=0.49  est_ret=+1.33%
  COP    w= 8.83%  conf=0.53  est_ret=+2.24%
  XOM    w= 8.62%  conf=0.49  est_ret=+1.54%
  BKR    w= 8.48%  conf=0.58  est_ret=+5.27%
  EOG    w= 7.42%  conf=0.41  est_ret=+1.51%
  ETN    w= 7.38%  conf=0.52  est_ret=+2.48%
  UBER   w= 7.14%  conf=0.46  est_ret=+2.34%
  NVDA   w= 6.97%  conf=0.46  est_ret=+1.72%
  GEV    w= 6.22%  conf=0.59  est_ret=+2.53%
  AMD    w= 4.22%  conf=0.57  est_ret=+11.55%
  LRCX   w= 2.96%  conf=0.33  est_ret=+11.54%
  MU     w= 1.28%  conf=0.20  est_ret=+11.83%
  REBALANCE  BUY  AMD    $  4,139.60   [DRY-RUN]
  REBALANCE  BUY  BKR    $  8,306.24   [DRY-RUN]
  REBALANCE  BUY  GEV    $  6,097.25   [DRY-RUN]
  REBALANCE  BUY  ETN    $  7,230.57   [DRY-RUN]
  REBALANCE  BUY  UBER   $  6,993.35   [DRY-RUN]
  REBALANCE  BUY  COP    $  8,656.65   [DRY-RUN]
  REBALANCE  BUY  RTX    $ 11,522.80   [DRY-RUN]
  REBALANCE  BUY  NVDA   $  6,829.89   [DRY-RUN]
  REBALANCE  BUY  XOM    $  8,452.45   [DRY-RUN]
  REBALANCE  BUY  EOG    $  7,272.66   [DRY-RUN]
  REBALANCE  BUY  CVX    $  9,394.72   [DRY-RUN]
  REBALANCE  BUY  MSFT   $  8,952.33   [DRY-RUN]
[loop] started — recompute every 1h. Create /Users/ishanghosh/projects/tradingBot/data/state/STOP to halt. Ctrl-C to stop the loop.
[WARNING] B: momentum + quality: ~17 names dropped/month by the quality screen. ~5yr yfinance fundamentals may be too thin to trust the screen; a real point-in-time source (FMP, Sharadar) would be needed for a credible result.

=== trader run @ 2026-06-29T05:57:45.466744+00:00 ===
variant=B: momentum + quality  signal_date=2026-05-31 00:00:00  equity=$100,000.00  market_open=False  mode=DRY-RUN (market closed)
target book (14 names):
  RTX    w=11.76%  conf=0.54  est_ret=+2.17%
  CVX    w= 9.59%  conf=0.49  est_ret=+1.35%
  MSFT   w= 9.14%  conf=0.49  est_ret=+1.42%
  COP    w= 8.83%  conf=0.53  est_ret=+2.47%
  XOM    w= 8.62%  conf=0.49  est_ret=+1.58%
  BKR    w= 8.48%  conf=0.58  est_ret=+5.50%
  EOG    w= 7.42%  conf=0.41  est_ret=+1.51%
  ETN    w= 7.38%  conf=0.52  est_ret=+2.57%
  UBER   w= 7.14%  conf=0.46  est_ret=+2.20%
  NVDA   w= 6.97%  conf=0.46  est_ret=+1.73%
  GEV    w= 6.22%  conf=0.59  est_ret=+3.63%
  AMD    w= 4.22%  conf=0.57  est_ret=+14.28%
  LRCX   w= 2.96%  conf=0.33  est_ret=+10.43%
  MU     w= 1.28%  conf=0.20  est_ret=+11.81%
  REBALANCE  BUY  AMD    $  4,139.60   [DRY-RUN]
  REBALANCE  BUY  BKR    $  8,306.24   [DRY-RUN]
  REBALANCE  BUY  GEV    $  6,097.25   [DRY-RUN]
  REBALANCE  BUY  ETN    $  7,230.57   [DRY-RUN]
  REBALANCE  BUY  COP    $  8,656.65   [DRY-RUN]
  REBALANCE  BUY  UBER   $  6,993.35   [DRY-RUN]
  REBALANCE  BUY  RTX    $ 11,522.80   [DRY-RUN]
  REBALANCE  BUY  NVDA   $  6,829.89   [DRY-RUN]
  REBALANCE  BUY  XOM    $  8,452.45   [DRY-RUN]
  REBALANCE  BUY  EOG    $  7,272.66   [DRY-RUN]
  REBALANCE  BUY  MSFT   $  8,952.33   [DRY-RUN]
  REBALANCE  BUY  CVX    $  9,394.72   [DRY-RUN]
[data] retrying 10 tickers individually: ['AVGO', 'CAT', 'GOOGL', 'ISRG', 'LLY', 'PM', 'WBD', 'WMT']…
[WARNING] B: momentum + quality: ~17 names dropped/month by the quality screen. ~5yr yfinance fundamentals may be too thin to trust the screen; a real point-in-time source (FMP, Sharadar) would be needed for a credible result.

=== trader run @ 2026-06-29T07:09:48.882422+00:00 ===
variant=B: momentum + quality  signal_date=2026-05-31 00:00:00  equity=$100,000.00  market_open=False  mode=DRY-RUN (market closed)
target book (14 names):
  RTX    w=11.76%  conf=0.54  est_ret=+2.13%
  CVX    w= 9.59%  conf=0.49  est_ret=+1.20%
  MSFT   w= 9.14%  conf=0.49  est_ret=+1.27%
  COP    w= 8.83%  conf=0.53  est_ret=+2.65%
  XOM    w= 8.62%  conf=0.49  est_ret=+1.64%
  BKR    w= 8.48%  conf=0.58  est_ret=+5.16%
  EOG    w= 7.42%  conf=0.41  est_ret=+1.41%
  ETN    w= 7.38%  conf=0.52  est_ret=+2.75%
  UBER   w= 7.14%  conf=0.46  est_ret=+2.25%
  NVDA   w= 6.97%  conf=0.46  est_ret=+1.67%
  GEV    w= 6.22%  conf=0.59  est_ret=+3.54%
  AMD    w= 4.22%  conf=0.57  est_ret=+13.79%
  LRCX   w= 2.96%  conf=0.33  est_ret=+12.13%
  MU     w= 1.28%  conf=0.20  est_ret=+15.69%
  REBALANCE  BUY  AMD    $  4,139.60   [DRY-RUN]
  REBALANCE  BUY  BKR    $  8,306.24   [DRY-RUN]
  REBALANCE  BUY  GEV    $  6,097.25   [DRY-RUN]
  REBALANCE  BUY  ETN    $  7,230.57   [DRY-RUN]
  REBALANCE  BUY  COP    $  8,656.65   [DRY-RUN]
  REBALANCE  BUY  UBER   $  6,993.35   [DRY-RUN]
  REBALANCE  BUY  RTX    $ 11,522.80   [DRY-RUN]
  REBALANCE  BUY  NVDA   $  6,829.89   [DRY-RUN]
  REBALANCE  BUY  XOM    $  8,452.45   [DRY-RUN]
  REBALANCE  BUY  EOG    $  7,272.66   [DRY-RUN]
  REBALANCE  BUY  MSFT   $  8,952.33   [DRY-RUN]
  REBALANCE  BUY  CVX    $  9,394.72   [DRY-RUN]
[WARNING] B: momentum + quality: ~17 names dropped/month by the quality screen. ~5yr yfinance fundamentals may be too thin to trust the screen; a real point-in-time source (FMP, Sharadar) would be needed for a credible result.

=== trader run @ 2026-06-29T18:35:01.468206+00:00 ===
variant=B: momentum + quality  signal_date=2026-05-31 00:00:00  equity=$100,000.00  market_open=True  mode=LIVE (live)
target book (14 names):
  RTX    w=11.76%  conf=0.54  est_ret=+2.13%
  CVX    w= 9.59%  conf=0.49  est_ret=+1.20%
  MSFT   w= 9.14%  conf=0.49  est_ret=+1.27%
  COP    w= 8.83%  conf=0.53  est_ret=+2.65%
  XOM    w= 8.62%  conf=0.49  est_ret=+1.64%
  BKR    w= 8.48%  conf=0.58  est_ret=+5.16%
  EOG    w= 7.42%  conf=0.41  est_ret=+1.41%
  ETN    w= 7.38%  conf=0.52  est_ret=+2.75%
  UBER   w= 7.14%  conf=0.46  est_ret=+2.25%
  NVDA   w= 6.97%  conf=0.46  est_ret=+1.67%
  GEV    w= 6.22%  conf=0.59  est_ret=+3.54%
  AMD    w= 4.22%  conf=0.57  est_ret=+13.79%
  LRCX   w= 2.96%  conf=0.33  est_ret=+12.13%
  MU     w= 1.28%  conf=0.20  est_ret=+15.69%
  REBALANCE  BUY  AMD    $  4,139.60
  REBALANCE  BUY  BKR    $  8,306.24
  REBALANCE  BUY  GEV    $  6,097.25
  REBALANCE  BUY  ETN    $  7,230.57
  REBALANCE  BUY  COP    $  8,656.65
  REBALANCE  BUY  UBER   $  6,993.35
  REBALANCE  BUY  RTX    $ 11,522.80
  REBALANCE  BUY  NVDA   $  6,829.89
  REBALANCE  BUY  XOM    $  8,452.45
  REBALANCE  BUY  EOG    $  7,272.66
  REBALANCE  BUY  MSFT   $  8,952.33
  REBALANCE  BUY  CVX    $  9,394.72
[loop] run error (continuing): A task has failed to un-serialize. Please ensure that the arguments of the function are all picklable.
[loop] run error (continuing): A task has failed to un-serialize. Please ensure that the arguments of the function are all picklable.
[loop] started — recompute every 6h, market hours only. Create /Users/ishanghosh/projects/tradingBot/data/state/STOP to halt. Ctrl-C to stop the loop.
[loop] market closed — skipping rebuild this cycle.
[loop] started — recompute every 6h, market hours only. Create /Users/ishanghosh/projects/tradingBot/data/state/STOP to halt. Ctrl-C to stop the loop.
[loop] market closed — skipping rebuild this cycle.
[loop] started — recompute every 6h, market hours only. Create /Users/ishanghosh/projects/tradingBot/data/state/STOP to halt. Ctrl-C to stop the loop.
[loop] market closed — skipping rebuild this cycle.

=== trader run @ 2026-06-30T18:29:39.414634+00:00 ===
universe=sp500  model=ensemble  variant=A: momentum-only  signal_date=2026-06-30 00:00:00  equity=$102,427.01  market_open=False  mode=DRY-RUN (market closed)
backtest IC (signal quality): mean +0.014  IR 0.09  over 78 months
target book (15 names):
  STX    w= 9.72%  conf=0.72  rank_score=+582.333
  WDC    w= 8.05%  conf=0.69  rank_score=+582.000
  AMAT   w= 7.89%  conf=0.60  rank_score=+577.667
  LRCX   w= 7.53%  conf=0.57  rank_score=+573.000
  AMD    w= 7.39%  conf=0.65  rank_score=+580.000
  CIEN   w= 7.32%  conf=0.59  rank_score=+569.667
  KLAC   w= 7.07%  conf=0.55  rank_score=+568.667
  INTC   w= 6.57%  conf=0.69  rank_score=+581.667
  MU     w= 5.90%  conf=0.66  rank_score=+582.333
  GLW    w= 5.87%  conf=0.58  rank_score=+575.667
  LITE   w= 5.86%  conf=0.59  rank_score=+572.000
  COHR   w= 5.76%  conf=0.55  rank_score=+574.000
  DELL   w= 5.72%  conf=0.61  rank_score=+574.333
  SNDK   w= 5.52%  conf=0.66  rank_score=+583.000
  SMCI   w= 3.83%  conf=0.49  rank_score=+568.333
  LIQUIDATE  SELL AXON   $  8,340.70   [DRY-RUN]
  LIQUIDATE  SELL FIX    $  8,920.60   [DRY-RUN]
  LIQUIDATE  SELL GNRC   $  7,506.34   [DRY-RUN]
  LIQUIDATE  SELL NOW    $  5,690.66   [DRY-RUN]
  LIQUIDATE  SELL ON     $  5,260.98   [DRY-RUN]
  LIQUIDATE  SELL PWR    $  9,250.02   [DRY-RUN]
  LIQUIDATE  SELL TER    $  5,352.23   [DRY-RUN]
  REBALANCE  BUY  SNDK   $  5,540.15   [DRY-RUN]
  REBALANCE  BUY  STX    $  9,757.84   [DRY-RUN]
  REBALANCE  BUY  INTC   $  6,590.25   [DRY-RUN]
  REBALANCE  BUY  DELL   $  5,741.66   [DRY-RUN]
  REBALANCE  BUY  LRCX   $  7,558.02   [DRY-RUN]
  REBALANCE  BUY  LITE   $  5,879.55   [DRY-RUN]
  REBALANCE  BUY  KLAC   $  7,098.43   [DRY-RUN]
[loop] market closed — skipping rebuild this cycle.
[loop] market closed — skipping rebuild this cycle.

=== trader run @ 2026-07-01T17:25:43.986256+00:00 ===
universe=sp500  model=ensemble  variant=A: momentum-only  signal_date=2026-06-30 00:00:00  equity=$97,696.77  market_open=True  mode=LIVE (live)
backtest IC (signal quality): mean +0.008  IR 0.06  over 77 months
target book (15 names):
  STX    w= 9.59%  conf=0.73  rank_score=+581.333
  AMAT   w= 8.15%  conf=0.63  rank_score=+575.667
  LRCX   w= 8.10%  conf=0.62  rank_score=+573.000
  WDC    w= 7.71%  conf=0.68  rank_score=+581.000
  CIEN   w= 7.37%  conf=0.59  rank_score=+569.333
  KLAC   w= 7.30%  conf=0.59  rank_score=+571.000
  AMD    w= 7.22%  conf=0.65  rank_score=+578.667
  INTC   w= 6.28%  conf=0.67  rank_score=+580.333
  LITE   w= 6.07%  conf=0.61  rank_score=+573.000
  MU     w= 5.93%  conf=0.67  rank_score=+580.000
  COHR   w= 5.69%  conf=0.55  rank_score=+575.000
  GLW    w= 5.58%  conf=0.56  rank_score=+576.667
  SNDK   w= 5.53%  conf=0.68  rank_score=+583.667
  DELL   w= 5.52%  conf=0.60  rank_score=+573.667
  SMCI   w= 3.98%  conf=0.52  rank_score=+569.667
  LIQUIDATE  SELL AXON   $  8,915.72
  LIQUIDATE  SELL FIX    $  8,425.65
  LIQUIDATE  SELL GNRC   $  6,958.87
  LIQUIDATE  SELL NOW    $  6,074.32
  LIQUIDATE  SELL ON     $  5,285.07
  LIQUIDATE  SELL PWR    $  8,903.58
  LIQUIDATE  SELL TER    $  4,775.18
  REBALANCE  BUY  SNDK   $  5,297.80
  REBALANCE  BUY  STX    $  9,180.84
  REBALANCE  BUY  INTC   $  6,007.92
  REBALANCE  BUY  DELL   $  5,281.72
  REBALANCE  BUY  LITE   $  5,810.95
  REBALANCE  BUY  LRCX   $  7,751.49
  REBALANCE  BUY  KLAC   $  6,986.12
[loop] started — recompute every 6h, market hours only. Create /Users/ishanghosh/projects/tradingBot/data/state/STOP to halt. Ctrl-C to stop the loop.
[loop] market closed — skipping rebuild this cycle.
[loop] started — recompute every 6h, market hours only. Create /Users/ishanghosh/projects/tradingBot/data/state/STOP to halt. Ctrl-C to stop the loop.
[loop] market closed — skipping rebuild this cycle.
