$CAT: possibly delisted; no price data found  (1d 2020-06-29 -> 2026-06-29)
$XEL: possibly delisted; no price data found  (1d 2020-06-29 -> 2026-06-29)
$AVGO: possibly delisted; no price data found  (1d 2020-06-29 -> 2026-06-29)
$WBD: possibly delisted; no price data found  (1d 2020-06-29 -> 2026-06-29)
$LLY: possibly delisted; no price data found  (1d 2020-06-29 -> 2026-06-29)
$XLV: possibly delisted; no price data found  (1d 2020-06-29 -> 2026-06-29)
$ISRG: possibly delisted; no price data found  (1d 2020-06-29 -> 2026-06-29)
$GOOGL: possibly delisted; no price data found  (1d 2020-06-29 -> 2026-06-29)
$WMT: possibly delisted; no price data found  (1d 2020-06-29 -> 2026-06-29)
$PM: possibly delisted; no price data found  (1d 2020-06-29 -> 2026-06-29)

10 Failed downloads:
['CAT', 'XEL', 'AVGO', 'WBD', 'LLY', 'XLV', 'ISRG', 'GOOGL', 'WMT', 'PM']: possibly delisted; no price data found  (1d 2020-06-29 -> 2026-06-29)
/Users/ishanghosh/projects/tradingBot/.venv/lib/python3.14/site-packages/joblib/externals/loky/backend/resource_tracker.py:359: UserWarning: resource_tracker: There appear to be 6 leaked semlock objects to clean up at shutdown
  warnings.warn(
/Users/ishanghosh/projects/tradingBot/.venv/lib/python3.14/site-packages/joblib/externals/loky/backend/resource_tracker.py:359: UserWarning: resource_tracker: There appear to be 16 leaked folder objects to clean up at shutdown
  warnings.warn(
/Users/ishanghosh/projects/tradingBot/.venv/lib/python3.14/site-packages/joblib/externals/loky/backend/resource_tracker.py:375: UserWarning: resource_tracker: /var/folders/8m/n6vy_19j3v1_xr_69q7407d00000gn/T/joblib_memmapping_folder_1211_17b5715b97f240c69d048105e0eb6663_7739be7bbc5441c790c3b3708cd1bc6f: FileNotFoundError(2, 'No such file or directory')
  warnings.warn(f"resource_tracker: {name}: {e!r}")
/Users/ishanghosh/projects/tradingBot/.venv/lib/python3.14/site-packages/joblib/externals/loky/backend/resource_tracker.py:375: UserWarning: resource_tracker: /var/folders/8m/n6vy_19j3v1_xr_69q7407d00000gn/T/joblib_memmapping_folder_1211_17b5715b97f240c69d048105e0eb6663_b6561157173c4630bba26965a6411b71: FileNotFoundError(2, 'No such file or directory')
  warnings.warn(f"resource_tracker: {name}: {e!r}")
/Users/ishanghosh/projects/tradingBot/.venv/lib/python3.14/site-packages/joblib/externals/loky/backend/resource_tracker.py:375: UserWarning: resource_tracker: /var/folders/8m/n6vy_19j3v1_xr_69q7407d00000gn/T/joblib_memmapping_folder_1211_361f2ae8d8654461ae3e47baee7c8a9a_be3d54bd4bf74423909171a90a44cabe: FileNotFoundError(2, 'No such file or directory')
  warnings.warn(f"resource_tracker: {name}: {e!r}")
/Users/ishanghosh/projects/tradingBot/.venv/lib/python3.14/site-packages/joblib/externals/loky/backend/resource_tracker.py:375: UserWarning: resource_tracker: /var/folders/8m/n6vy_19j3v1_xr_69q7407d00000gn/T/joblib_memmapping_folder_1211_17b5715b97f240c69d048105e0eb6663_8e1709e6906f4d6c872f6d0809f93774: FileNotFoundError(2, 'No such file or directory')
  warnings.warn(f"resource_tracker: {name}: {e!r}")
/Users/ishanghosh/projects/tradingBot/.venv/lib/python3.14/site-packages/joblib/externals/loky/backend/resource_tracker.py:375: UserWarning: resource_tracker: /var/folders/8m/n6vy_19j3v1_xr_69q7407d00000gn/T/joblib_memmapping_folder_1211_02244a1b97344b329e0762b2a4e813f4_00552cd04d2547a1923757cce5fa9be6: FileNotFoundError(2, 'No such file or directory')
  warnings.warn(f"resource_tracker: {name}: {e!r}")
/Users/ishanghosh/projects/tradingBot/.venv/lib/python3.14/site-packages/joblib/externals/loky/backend/resource_tracker.py:375: UserWarning: resource_tracker: /var/folders/8m/n6vy_19j3v1_xr_69q7407d00000gn/T/joblib_memmapping_folder_1211_17b5715b97f240c69d048105e0eb6663_20e186f6f12e4f3c935853d9a64769c3: FileNotFoundError(2, 'No such file or directory')
  warnings.warn(f"resource_tracker: {name}: {e!r}")
/Users/ishanghosh/projects/tradingBot/.venv/lib/python3.14/site-packages/joblib/externals/loky/backend/resource_tracker.py:375: UserWarning: resource_tracker: /var/folders/8m/n6vy_19j3v1_xr_69q7407d00000gn/T/joblib_memmapping_folder_1211_187c2ec22bd847fc8a7332790118d8c3_9561206c90554b27a7956e552a41b77c: FileNotFoundError(2, 'No such file or directory')
  warnings.warn(f"resource_tracker: {name}: {e!r}")
/Users/ishanghosh/projects/tradingBot/.venv/lib/python3.14/site-packages/joblib/externals/loky/backend/resource_tracker.py:375: UserWarning: resource_tracker: /var/folders/8m/n6vy_19j3v1_xr_69q7407d00000gn/T/joblib_memmapping_folder_1211_17b5715b97f240c69d048105e0eb6663_1e3785bb737a4faeba426693810635b6: FileNotFoundError(2, 'No such file or directory')
  warnings.warn(f"resource_tracker: {name}: {e!r}")
/Users/ishanghosh/projects/tradingBot/.venv/lib/python3.14/site-packages/joblib/externals/loky/backend/resource_tracker.py:375: UserWarning: resource_tracker: /var/folders/8m/n6vy_19j3v1_xr_69q7407d00000gn/T/joblib_memmapping_folder_1211_f845ef159a834495b0fbb0d42e93517c_e6abf2a4f30a48efa61646246dd0b1a7: FileNotFoundError(2, 'No such file or directory')
  warnings.warn(f"resource_tracker: {name}: {e!r}")
/Users/ishanghosh/projects/tradingBot/.venv/lib/python3.14/site-packages/joblib/externals/loky/backend/resource_tracker.py:375: UserWarning: resource_tracker: /var/folders/8m/n6vy_19j3v1_xr_69q7407d00000gn/T/joblib_memmapping_folder_1211_17b5715b97f240c69d048105e0eb6663_84ea2f51d21f4f12aa3ce97e2199e703: FileNotFoundError(2, 'No such file or directory')
  warnings.warn(f"resource_tracker: {name}: {e!r}")
/Users/ishanghosh/projects/tradingBot/.venv/lib/python3.14/site-packages/joblib/externals/loky/backend/resource_tracker.py:375: UserWarning: resource_tracker: /var/folders/8m/n6vy_19j3v1_xr_69q7407d00000gn/T/joblib_memmapping_folder_1211_c657d775d53742829b7016c4d61395a3_8839394f162d492c8db6e0d017d9000c: FileNotFoundError(2, 'No such file or directory')
  warnings.warn(f"resource_tracker: {name}: {e!r}")
/Users/ishanghosh/projects/tradingBot/.venv/lib/python3.14/site-packages/joblib/externals/loky/backend/resource_tracker.py:375: UserWarning: resource_tracker: /var/folders/8m/n6vy_19j3v1_xr_69q7407d00000gn/T/joblib_memmapping_folder_1211_17b5715b97f240c69d048105e0eb6663_b9d86508215e4443ab1952aacdb7cfc8: FileNotFoundError(2, 'No such file or directory')
  warnings.warn(f"resource_tracker: {name}: {e!r}")
/Users/ishanghosh/projects/tradingBot/.venv/lib/python3.14/site-packages/joblib/externals/loky/backend/resource_tracker.py:375: UserWarning: resource_tracker: /var/folders/8m/n6vy_19j3v1_xr_69q7407d00000gn/T/joblib_memmapping_folder_1211_c775ccedaecf4e8683871ed05aa391ad_7a46a53b675548aea678e746c66ff9b4: FileNotFoundError(2, 'No such file or directory')
  warnings.warn(f"resource_tracker: {name}: {e!r}")
/Users/ishanghosh/projects/tradingBot/.venv/lib/python3.14/site-packages/joblib/externals/loky/backend/resource_tracker.py:375: UserWarning: resource_tracker: /var/folders/8m/n6vy_19j3v1_xr_69q7407d00000gn/T/joblib_memmapping_folder_1211_17b5715b97f240c69d048105e0eb6663_e3ded36f246449ac9449b07f5a8185ea: FileNotFoundError(2, 'No such file or directory')
  warnings.warn(f"resource_tracker: {name}: {e!r}")
/Users/ishanghosh/projects/tradingBot/.venv/lib/python3.14/site-packages/joblib/externals/loky/backend/resource_tracker.py:375: UserWarning: resource_tracker: /var/folders/8m/n6vy_19j3v1_xr_69q7407d00000gn/T/joblib_memmapping_folder_1211_b8d66f85a37f48ef8edc13e5b9ac587d_0208b01335164c0a819811b0a06bbea2: FileNotFoundError(2, 'No such file or directory')
  warnings.warn(f"resource_tracker: {name}: {e!r}")
/Users/ishanghosh/projects/tradingBot/.venv/lib/python3.14/site-packages/joblib/externals/loky/backend/resource_tracker.py:375: UserWarning: resource_tracker: /var/folders/8m/n6vy_19j3v1_xr_69q7407d00000gn/T/joblib_memmapping_folder_1211_b8d66f85a37f48ef8edc13e5b9ac587d_cb788f9191614ea89a53861be3d63f28: FileNotFoundError(2, 'No such file or directory')
  warnings.warn(f"resource_tracker: {name}: {e!r}")
